[0108/110239.680:ERROR:directory_reader_win.cc(43)] FindFirstFile: Системе не удается найти указанный путь. (0x3)
[0108/225648.441:ERROR:process_reader_win.cc(123)] NtOpenThread: {Отказано в доступе} Процесс запросил доступ к объекту, но права на доступ не предоставлены. (0xc0000022)
[0108/225648.546:ERROR:exception_snapshot_win.cc(99)] thread ID 6696 not found in process
[0108/225648.576:ERROR:process_reader_win.cc(123)] NtOpenThread: {Отказано в доступе} Процесс запросил доступ к объекту, но права на доступ не предоставлены. (0xc0000022)
[0108/225648.577:ERROR:exception_snapshot_win.cc(99)] thread ID 4652 not found in process
[0108/225648.581:ERROR:process_reader_win.cc(123)] NtOpenThread: {Отказано в доступе} Процесс запросил доступ к объекту, но права на доступ не предоставлены. (0xc0000022)
[0108/225648.582:ERROR:exception_snapshot_win.cc(99)] thread ID 11312 not found in process
[0108/225648.613:ERROR:process_reader_win.cc(123)] NtOpenThread: {Отказано в доступе} Процесс запросил доступ к объекту, но права на доступ не предоставлены. (0xc0000022)
[0108/225648.613:ERROR:exception_snapshot_win.cc(99)] thread ID 10952 not found in process
[0110/005212.367:ERROR:directory_reader_win.cc(43)] FindFirstFile: Системе не удается найти указанный путь. (0x3)
[0110/005212.477:ERROR:filesystem_win.cc(129)] GetFileAttributes C:\Users\ilsha\AppData\Local\Google\Chrome\User Data\Crashpad\attachments\aeedba7b-3e15-4dee-bace-5f7e30076551: Системе не удается найти указанный путь. (0x3)
[0110/005212.510:ERROR:filesystem_win.cc(129)] GetFileAttributes C:\Users\ilsha\AppData\Local\Google\Chrome\User Data\Crashpad\attachments\3f6454e2-437f-496f-bed5-f0abce691278: Системе не удается найти указанный путь. (0x3)
[0110/005212.526:ERROR:filesystem_win.cc(129)] GetFileAttributes C:\Users\ilsha\AppData\Local\Google\Chrome\User Data\Crashpad\attachments\2865c2cb-02dc-4d5b-b69b-06956ab2c293: Системе не удается найти указанный путь. (0x3)
[0110/005212.537:ERROR:filesystem_win.cc(129)] GetFileAttributes C:\Users\ilsha\AppData\Local\Google\Chrome\User Data\Crashpad\attachments\015f273e-1c18-4535-94fe-999d6f2b6f88: Системе не удается найти указанный путь. (0x3)
[0110/005212.553:ERROR:filesystem_win.cc(129)] GetFileAttributes C:\Users\ilsha\AppData\Local\Google\Chrome\User Data\Crashpad\attachments\ad1b99d0-68e6-4597-a692-7bf9a7efd3b2: Системе не удается найти указанный путь. (0x3)
[0110/005212.580:ERROR:filesystem_win.cc(129)] GetFileAttributes C:\Users\ilsha\AppData\Local\Google\Chrome\User Data\Crashpad\attachments\bb4b8ee4-f468-4118-ae97-8f965f1763a5: Системе не удается найти указанный путь. (0x3)
[0110/005212.591:ERROR:filesystem_win.cc(129)] GetFileAttributes C:\Users\ilsha\AppData\Local\Google\Chrome\User Data\Crashpad\attachments\bd4a502e-595e-4bf7-82bc-78709cf39de7: Системе не удается найти указанный путь. (0x3)
[0110/005212.608:ERROR:filesystem_win.cc(129)] GetFileAttributes C:\Users\ilsha\AppData\Local\Google\Chrome\User Data\Crashpad\attachments\72f40fb6-adf3-4e15-a007-2cc8a001854e: Системе не удается найти указанный путь. (0x3)
[0110/005212.619:ERROR:filesystem_win.cc(129)] GetFileAttributes C:\Users\ilsha\AppData\Local\Google\Chrome\User Data\Crashpad\attachments\2792afdb-02f3-4312-b035-5f100944b18a: Системе не удается найти указанный путь. (0x3)
[0110/005212.641:ERROR:filesystem_win.cc(129)] GetFileAttributes C:\Users\ilsha\AppData\Local\Google\Chrome\User Data\Crashpad\attachments\9fab37f0-c6e5-4df0-8dbf-f7c89095eb7c: Системе не удается найти указанный путь. (0x3)
[0110/005212.652:ERROR:filesystem_win.cc(129)] GetFileAttributes C:\Users\ilsha\AppData\Local\Google\Chrome\User Data\Crashpad\attachments\fddb2021-c0df-4bee-b175-60949cdd7bf0: Системе не удается найти указанный путь. (0x3)
[0110/005212.662:ERROR:filesystem_win.cc(129)] GetFileAttributes C:\Users\ilsha\AppData\Local\Google\Chrome\User Data\Crashpad\attachments\82afbcee-0e5d-4103-a275-7fc92b94f671: Системе не удается найти указанный путь. (0x3)
[0110/005212.674:ERROR:filesystem_win.cc(129)] GetFileAttributes C:\Users\ilsha\AppData\Local\Google\Chrome\User Data\Crashpad\attachments\d26172d0-976a-49ef-81c3-126dac6b4586: Системе не удается найти указанный путь. (0x3)
[0110/005212.705:ERROR:filesystem_win.cc(129)] GetFileAttributes C:\Users\ilsha\AppData\Local\Google\Chrome\User Data\Crashpad\attachments\f9492b9c-619d-42e6-a53d-84aad06797d1: Системе не удается найти указанный путь. (0x3)
[0110/005212.716:ERROR:filesystem_win.cc(129)] GetFileAttributes C:\Users\ilsha\AppData\Local\Google\Chrome\User Data\Crashpad\attachments\02b1eaa9-6299-47f9-965d-36b026e3189d: Системе не удается найти указанный путь. (0x3)
[0110/005212.727:ERROR:filesystem_win.cc(129)] GetFileAttributes C:\Users\ilsha\AppData\Local\Google\Chrome\User Data\Crashpad\attachments\a6d935bb-0935-4ecf-a289-ac7d27861638: Системе не удается найти указанный путь. (0x3)
[0110/005212.737:ERROR:filesystem_win.cc(129)] GetFileAttributes C:\Users\ilsha\AppData\Local\Google\Chrome\User Data\Crashpad\attachments\58917fcc-0648-4f34-8c46-181310a3c21c: Системе не удается найти указанный путь. (0x3)
[0110/005212.771:ERROR:filesystem_win.cc(129)] GetFileAttributes C:\Users\ilsha\AppData\Local\Google\Chrome\User Data\Crashpad\attachments\29782bdc-cad8-4d4e-acfb-226c19c6874a: Системе не удается найти указанный путь. (0x3)
[0110/005212.783:ERROR:filesystem_win.cc(129)] GetFileAttributes C:\Users\ilsha\AppData\Local\Google\Chrome\User Data\Crashpad\attachments\1f74d3e6-d180-4c8b-9c2b-f14405d95c5c: Системе не удается найти указанный путь. (0x3)
[0110/005212.793:ERROR:filesystem_win.cc(129)] GetFileAttributes C:\Users\ilsha\AppData\Local\Google\Chrome\User Data\Crashpad\attachments\7db4e0c1-c51a-4ec4-ac69-349722aaac6c: Системе не удается найти указанный путь. (0x3)
[0110/005212.804:ERROR:filesystem_win.cc(129)] GetFileAttributes C:\Users\ilsha\AppData\Local\Google\Chrome\User Data\Crashpad\attachments\92834514-71e1-463e-82bd-aca88832540e: Системе не удается найти указанный путь. (0x3)
[0110/005212.814:ERROR:filesystem_win.cc(129)] GetFileAttributes C:\Users\ilsha\AppData\Local\Google\Chrome\User Data\Crashpad\attachments\6625d214-eda2-4fbb-99b3-01db6dbdda87: Системе не удается найти указанный путь. (0x3)
[0110/005212.825:ERROR:filesystem_win.cc(129)] GetFileAttributes C:\Users\ilsha\AppData\Local\Google\Chrome\User Data\Crashpad\attachments\93ded74f-aaee-417b-858a-6b4c6f232552: Системе не удается найти указанный путь. (0x3)
[0110/005212.836:ERROR:filesystem_win.cc(129)] GetFileAttributes C:\Users\ilsha\AppData\Local\Google\Chrome\User Data\Crashpad\attachments\74574d3b-4c9a-4ac8-abda-1979e6687fdc: Системе не удается найти указанный путь. (0x3)
[0110/005212.851:ERROR:filesystem_win.cc(129)] GetFileAttributes C:\Users\ilsha\AppData\Local\Google\Chrome\User Data\Crashpad\attachments\bcd398ca-dea0-407a-b43b-4469fb86bfdc: Системе не удается найти указанный путь. (0x3)
[0110/005212.861:ERROR:filesystem_win.cc(129)] GetFileAttributes C:\Users\ilsha\AppData\Local\Google\Chrome\User Data\Crashpad\attachments\0ef935e9-db67-4088-a668-cdb785b7e5a4: Системе не удается найти указанный путь. (0x3)
[0110/005212.871:ERROR:filesystem_win.cc(129)] GetFileAttributes C:\Users\ilsha\AppData\Local\Google\Chrome\User Data\Crashpad\attachments\946f555f-ebad-482f-9c78-c6ea71369272: Системе не удается найти указанный путь. (0x3)
[0110/005212.881:ERROR:filesystem_win.cc(129)] GetFileAttributes C:\Users\ilsha\AppData\Local\Google\Chrome\User Data\Crashpad\attachments\b73bf6bb-cb26-4d79-ac22-201dd5ed8c82: Системе не удается найти указанный путь. (0x3)
[0110/005212.892:ERROR:filesystem_win.cc(129)] GetFileAttributes C:\Users\ilsha\AppData\Local\Google\Chrome\User Data\Crashpad\attachments\e4711e7a-b3a8-4000-99c7-68a28690a582: Системе не удается найти указанный путь. (0x3)
[0110/005212.902:ERROR:filesystem_win.cc(129)] GetFileAttributes C:\Users\ilsha\AppData\Local\Google\Chrome\User Data\Crashpad\attachments\3260f0fd-7bd4-4c18-a816-77b20e737040: Системе не удается найти указанный путь. (0x3)
[0110/005212.953:ERROR:filesystem_win.cc(129)] GetFileAttributes C:\Users\ilsha\AppData\Local\Google\Chrome\User Data\Crashpad\attachments\0265b8ed-e5f5-46e0-af50-1705eaaae0dc: Системе не удается найти указанный путь. (0x3)
[0110/005212.967:ERROR:filesystem_win.cc(129)] GetFileAttributes C:\Users\ilsha\AppData\Local\Google\Chrome\User Data\Crashpad\attachments\589478c0-3c42-4394-a049-39d4623d6354: Системе не удается найти указанный путь. (0x3)
[0110/005212.980:ERROR:filesystem_win.cc(129)] GetFileAttributes C:\Users\ilsha\AppData\Local\Google\Chrome\User Data\Crashpad\attachments\e50ab841-ec15-47f0-b6a8-eb681e2f5913: Системе не удается найти указанный путь. (0x3)
[0110/005212.990:ERROR:filesystem_win.cc(129)] GetFileAttributes C:\Users\ilsha\AppData\Local\Google\Chrome\User Data\Crashpad\attachments\50d478c4-45d6-4991-8c76-a116884bec51: Системе не удается найти указанный путь. (0x3)
[0110/005213.001:ERROR:filesystem_win.cc(129)] GetFileAttributes C:\Users\ilsha\AppData\Local\Google\Chrome\User Data\Crashpad\attachments\b5a6e615-3de5-48bd-8300-ff914baa6aae: Системе не удается найти указанный путь. (0x3)
[0110/005213.012:ERROR:filesystem_win.cc(129)] GetFileAttributes C:\Users\ilsha\AppData\Local\Google\Chrome\User Data\Crashpad\attachments\242ae0c0-5a7e-4399-ac8b-4ac8ea96550b: Системе не удается найти указанный путь. (0x3)
[0110/005213.035:ERROR:filesystem_win.cc(129)] GetFileAttributes C:\Users\ilsha\AppData\Local\Google\Chrome\User Data\Crashpad\attachments\aa807ee6-6815-4ff7-8102-307261e5a537: Системе не удается найти указанный путь. (0x3)
[0110/005213.045:ERROR:filesystem_win.cc(129)] GetFileAttributes C:\Users\ilsha\AppData\Local\Google\Chrome\User Data\Crashpad\attachments\20a67b21-fc05-49a2-9d8f-ef95a55bec6f: Системе не удается найти указанный путь. (0x3)
[0110/005213.055:ERROR:filesystem_win.cc(129)] GetFileAttributes C:\Users\ilsha\AppData\Local\Google\Chrome\User Data\Crashpad\attachments\09ea3adf-3c71-4882-8aed-1b58579a71d4: Системе не удается найти указанный путь. (0x3)
[0110/005213.066:ERROR:filesystem_win.cc(129)] GetFileAttributes C:\Users\ilsha\AppData\Local\Google\Chrome\User Data\Crashpad\attachments\3bcddc07-14d3-4f2e-9d9a-61b40ad114f0: Системе не удается найти указанный путь. (0x3)
[0110/005213.080:ERROR:filesystem_win.cc(129)] GetFileAttributes C:\Users\ilsha\AppData\Local\Google\Chrome\User Data\Crashpad\attachments\f8ec8c23-0ac6-4b19-a357-bbf554a0661c: Системе не удается найти указанный путь. (0x3)
[0110/005213.090:ERROR:filesystem_win.cc(129)] GetFileAttributes C:\Users\ilsha\AppData\Local\Google\Chrome\User Data\Crashpad\attachments\86162012-b2c5-4167-9e95-c1fd289dcce3: Системе не удается найти указанный путь. (0x3)
[0110/005213.100:ERROR:filesystem_win.cc(129)] GetFileAttributes C:\Users\ilsha\AppData\Local\Google\Chrome\User Data\Crashpad\attachments\88dd124a-44ba-4c35-94ab-415309b1f82c: Системе не удается найти указанный путь. (0x3)
[0110/005213.109:ERROR:filesystem_win.cc(129)] GetFileAttributes C:\Users\ilsha\AppData\Local\Google\Chrome\User Data\Crashpad\attachments\72ab67ee-93f0-4938-a5a3-fab5658c9fc7: Системе не удается найти указанный путь. (0x3)
[0110/005213.119:ERROR:filesystem_win.cc(129)] GetFileAttributes C:\Users\ilsha\AppData\Local\Google\Chrome\User Data\Crashpad\attachments\57437ff2-a28c-422f-81be-727d383606b1: Системе не удается найти указанный путь. (0x3)
[0110/005213.129:ERROR:filesystem_win.cc(129)] GetFileAttributes C:\Users\ilsha\AppData\Local\Google\Chrome\User Data\Crashpad\attachments\df18302f-ba30-4acf-b0dd-e235bcfcba97: Системе не удается найти указанный путь. (0x3)
[0110/005213.139:ERROR:filesystem_win.cc(129)] GetFileAttributes C:\Users\ilsha\AppData\Local\Google\Chrome\User Data\Crashpad\attachments\75ef7671-cddf-4bc0-b1cc-db7f5e585517: Системе не удается найти указанный путь. (0x3)
[0110/005213.149:ERROR:filesystem_win.cc(129)] GetFileAttributes C:\Users\ilsha\AppData\Local\Google\Chrome\User Data\Crashpad\attachments\3f25ecb3-1e88-4b1b-9223-487bd7c84015: Системе не удается найти указанный путь. (0x3)
[0110/005213.162:ERROR:filesystem_win.cc(129)] GetFileAttributes C:\Users\ilsha\AppData\Local\Google\Chrome\User Data\Crashpad\attachments\3b8400a3-b1a9-4d76-85ed-f55b8ef4805e: Системе не удается найти указанный путь. (0x3)
[0110/005213.172:ERROR:filesystem_win.cc(129)] GetFileAttributes C:\Users\ilsha\AppData\Local\Google\Chrome\User Data\Crashpad\attachments\526fea71-171e-4952-aa2e-e15eccc06a71: Системе не удается найти указанный путь. (0x3)
[0110/005213.181:ERROR:filesystem_win.cc(129)] GetFileAttributes C:\Users\ilsha\AppData\Local\Google\Chrome\User Data\Crashpad\attachments\406b3edb-4314-4961-b97c-910c5823350e: Системе не удается найти указанный путь. (0x3)
[0110/005213.190:ERROR:filesystem_win.cc(129)] GetFileAttributes C:\Users\ilsha\AppData\Local\Google\Chrome\User Data\Crashpad\attachments\259e0e0a-7d09-4591-91e4-f51825fa1bf7: Системе не удается найти указанный путь. (0x3)
[0110/005213.200:ERROR:filesystem_win.cc(129)] GetFileAttributes C:\Users\ilsha\AppData\Local\Google\Chrome\User Data\Crashpad\attachments\313b33c6-fdb4-4d4b-9bea-6ab6cc359e76: Системе не удается найти указанный путь. (0x3)
[0110/005213.209:ERROR:filesystem_win.cc(129)] GetFileAttributes C:\Users\ilsha\AppData\Local\Google\Chrome\User Data\Crashpad\attachments\1663f8a4-afea-407a-b39f-0a8ba1a9e874: Системе не удается найти указанный путь. (0x3)
[0110/005213.218:ERROR:filesystem_win.cc(129)] GetFileAttributes C:\Users\ilsha\AppData\Local\Google\Chrome\User Data\Crashpad\attachments\129a1dfd-9be1-47ae-b402-5227bb4b29ad: Системе не удается найти указанный путь. (0x3)
[0110/005213.227:ERROR:filesystem_win.cc(129)] GetFileAttributes C:\Users\ilsha\AppData\Local\Google\Chrome\User Data\Crashpad\attachments\ca17231a-b645-4b29-b5fe-44c6fae34f82: Системе не удается найти указанный путь. (0x3)
[0110/005213.237:ERROR:filesystem_win.cc(129)] GetFileAttributes C:\Users\ilsha\AppData\Local\Google\Chrome\User Data\Crashpad\attachments\9d01b6a4-5388-4fdc-8a29-9777e8b50de2: Системе не удается найти указанный путь. (0x3)
[0110/005213.246:ERROR:filesystem_win.cc(129)] GetFileAttributes C:\Users\ilsha\AppData\Local\Google\Chrome\User Data\Crashpad\attachments\d53edfbd-af8b-4ab9-93f5-5f4a8799df79: Системе не удается найти указанный путь. (0x3)
[0110/005213.255:ERROR:filesystem_win.cc(129)] GetFileAttributes C:\Users\ilsha\AppData\Local\Google\Chrome\User Data\Crashpad\attachments\755a2668-2c60-43f3-ab08-28cc61dba4e2: Системе не удается найти указанный путь. (0x3)
[0110/005213.263:ERROR:filesystem_win.cc(129)] GetFileAttributes C:\Users\ilsha\AppData\Local\Google\Chrome\User Data\Crashpad\attachments\574bfca3-6d0c-47cf-b2c7-9f821c7a975e: Системе не удается найти указанный путь. (0x3)
[0110/005213.272:ERROR:filesystem_win.cc(129)] GetFileAttributes C:\Users\ilsha\AppData\Local\Google\Chrome\User Data\Crashpad\attachments\ff85bd70-0285-4f98-be60-47e7786126d6: Системе не удается найти указанный путь. (0x3)
[0110/005213.281:ERROR:filesystem_win.cc(129)] GetFileAttributes C:\Users\ilsha\AppData\Local\Google\Chrome\User Data\Crashpad\attachments\a727d642-fd60-450d-9554-0623720bf4cd: Системе не удается найти указанный путь. (0x3)
[0110/005213.290:ERROR:filesystem_win.cc(129)] GetFileAttributes C:\Users\ilsha\AppData\Local\Google\Chrome\User Data\Crashpad\attachments\87160700-db3b-4ee9-b13f-701cf424ea3d: Системе не удается найти указанный путь. (0x3)
[0110/005213.299:ERROR:filesystem_win.cc(129)] GetFileAttributes C:\Users\ilsha\AppData\Local\Google\Chrome\User Data\Crashpad\attachments\fdb5a446-828c-4942-a9cf-6a291ae4fafd: Системе не удается найти указанный путь. (0x3)
[0110/005213.308:ERROR:filesystem_win.cc(129)] GetFileAttributes C:\Users\ilsha\AppData\Local\Google\Chrome\User Data\Crashpad\attachments\6248bbd0-aebb-4efc-b14a-f3d9913b0a0c: Системе не удается найти указанный путь. (0x3)
[0110/005213.316:ERROR:filesystem_win.cc(129)] GetFileAttributes C:\Users\ilsha\AppData\Local\Google\Chrome\User Data\Crashpad\attachments\b705cb3e-bec2-4192-bb18-7811797f6844: Системе не удается найти указанный путь. (0x3)
[0110/005213.325:ERROR:filesystem_win.cc(129)] GetFileAttributes C:\Users\ilsha\AppData\Local\Google\Chrome\User Data\Crashpad\attachments\6f6fcc6b-dd88-4ae7-b5f1-93d1cb5e5831: Системе не удается найти указанный путь. (0x3)
[0110/005213.334:ERROR:filesystem_win.cc(129)] GetFileAttributes C:\Users\ilsha\AppData\Local\Google\Chrome\User Data\Crashpad\attachments\ae0ee33a-13de-4e4a-9588-59ec2c7b7f73: Системе не удается найти указанный путь. (0x3)
[0110/005213.342:ERROR:filesystem_win.cc(129)] GetFileAttributes C:\Users\ilsha\AppData\Local\Google\Chrome\User Data\Crashpad\attachments\1a2356ca-cc14-4649-8ba1-2108dfe2db67: Системе не удается найти указанный путь. (0x3)
[0110/005213.351:ERROR:filesystem_win.cc(129)] GetFileAttributes C:\Users\ilsha\AppData\Local\Google\Chrome\User Data\Crashpad\attachments\a3c73ad1-379e-4b14-9d90-3b98def0eaba: Системе не удается найти указанный путь. (0x3)
[0110/005213.359:ERROR:filesystem_win.cc(129)] GetFileAttributes C:\Users\ilsha\AppData\Local\Google\Chrome\User Data\Crashpad\attachments\5c843497-6b35-4e28-b5c3-eed11a9ce714: Системе не удается найти указанный путь. (0x3)
[0110/005213.368:ERROR:filesystem_win.cc(129)] GetFileAttributes C:\Users\ilsha\AppData\Local\Google\Chrome\User Data\Crashpad\attachments\729ba1b6-2706-443b-ab50-cf949b3d0f26: Системе не удается найти указанный путь. (0x3)
[0110/005213.376:ERROR:filesystem_win.cc(129)] GetFileAttributes C:\Users\ilsha\AppData\Local\Google\Chrome\User Data\Crashpad\attachments\3a3bd12e-9cdc-445d-a6b6-7a7271565caa: Системе не удается найти указанный путь. (0x3)
[0110/005213.385:ERROR:filesystem_win.cc(129)] GetFileAttributes C:\Users\ilsha\AppData\Local\Google\Chrome\User Data\Crashpad\attachments\55232b0e-8c5f-4c89-8249-78fa25adfa15: Системе не удается найти указанный путь. (0x3)
[0110/005213.393:ERROR:filesystem_win.cc(129)] GetFileAttributes C:\Users\ilsha\AppData\Local\Google\Chrome\User Data\Crashpad\attachments\21898bc6-6494-44cf-a92f-11ed916aeb8a: Системе не удается найти указанный путь. (0x3)
[0110/005213.403:ERROR:filesystem_win.cc(129)] GetFileAttributes C:\Users\ilsha\AppData\Local\Google\Chrome\User Data\Crashpad\attachments\75634d73-9096-477b-b1b3-93611eeb2fde: Системе не удается найти указанный путь. (0x3)
[0110/005213.412:ERROR:filesystem_win.cc(129)] GetFileAttributes C:\Users\ilsha\AppData\Local\Google\Chrome\User Data\Crashpad\attachments\eb4b39a2-82f7-4a39-8376-221403d75573: Системе не удается найти указанный путь. (0x3)
[0110/005213.420:ERROR:filesystem_win.cc(129)] GetFileAttributes C:\Users\ilsha\AppData\Local\Google\Chrome\User Data\Crashpad\attachments\bfde55e4-6c24-4e0d-8f92-ce0141ef321a: Системе не удается найти указанный путь. (0x3)
[0110/005213.429:ERROR:filesystem_win.cc(129)] GetFileAttributes C:\Users\ilsha\AppData\Local\Google\Chrome\User Data\Crashpad\attachments\49516372-782c-47c6-a6fc-25278fb8c04a: Системе не удается найти указанный путь. (0x3)
[0110/005213.438:ERROR:filesystem_win.cc(129)] GetFileAttributes C:\Users\ilsha\AppData\Local\Google\Chrome\User Data\Crashpad\attachments\19607726-9144-40df-a4f6-93637cf3915d: Системе не удается найти указанный путь. (0x3)
[0110/005213.446:ERROR:filesystem_win.cc(129)] GetFileAttributes C:\Users\ilsha\AppData\Local\Google\Chrome\User Data\Crashpad\attachments\70050f24-c276-4e4d-827b-ffe6a9d4ed45: Системе не удается найти указанный путь. (0x3)
[0110/005213.454:ERROR:filesystem_win.cc(129)] GetFileAttributes C:\Users\ilsha\AppData\Local\Google\Chrome\User Data\Crashpad\attachments\6a33d866-f63c-43dd-9730-1b5215b5affc: Системе не удается найти указанный путь. (0x3)
[0110/005213.462:ERROR:filesystem_win.cc(129)] GetFileAttributes C:\Users\ilsha\AppData\Local\Google\Chrome\User Data\Crashpad\attachments\5a834cc2-c87a-4255-957c-2cd877a5d2db: Системе не удается найти указанный путь. (0x3)
[0110/005213.470:ERROR:filesystem_win.cc(129)] GetFileAttributes C:\Users\ilsha\AppData\Local\Google\Chrome\User Data\Crashpad\attachments\cd38cd33-a389-4846-9145-359ea47e4e75: Системе не удается найти указанный путь. (0x3)
[0110/005213.478:ERROR:filesystem_win.cc(129)] GetFileAttributes C:\Users\ilsha\AppData\Local\Google\Chrome\User Data\Crashpad\attachments\32bf0c9a-9e4a-4ed3-9de3-f09af0db2256: Системе не удается найти указанный путь. (0x3)
[0110/005213.486:ERROR:filesystem_win.cc(129)] GetFileAttributes C:\Users\ilsha\AppData\Local\Google\Chrome\User Data\Crashpad\attachments\98ca0754-359c-4560-a732-beef28f290f8: Системе не удается найти указанный путь. (0x3)
[0110/005213.524:ERROR:filesystem_win.cc(129)] GetFileAttributes C:\Users\ilsha\AppData\Local\Google\Chrome\User Data\Crashpad\attachments\716d7ac4-4f1e-48b7-b2fa-53b16a922eb6: Системе не удается найти указанный путь. (0x3)
[0110/005213.533:ERROR:filesystem_win.cc(129)] GetFileAttributes C:\Users\ilsha\AppData\Local\Google\Chrome\User Data\Crashpad\attachments\0df24f77-8fd5-40c6-892b-7ac5db0eb52c: Системе не удается найти указанный путь. (0x3)
[0110/005213.541:ERROR:filesystem_win.cc(129)] GetFileAttributes C:\Users\ilsha\AppData\Local\Google\Chrome\User Data\Crashpad\attachments\1f37b0d7-8079-4049-8187-aaa4996bc89b: Системе не удается найти указанный путь. (0x3)
[0110/005213.549:ERROR:filesystem_win.cc(129)] GetFileAttributes C:\Users\ilsha\AppData\Local\Google\Chrome\User Data\Crashpad\attachments\b6f9fc9b-ca86-4009-baf9-9354bf677c3f: Системе не удается найти указанный путь. (0x3)
[0110/005213.557:ERROR:filesystem_win.cc(129)] GetFileAttributes C:\Users\ilsha\AppData\Local\Google\Chrome\User Data\Crashpad\attachments\2b37475e-aa0e-4d80-bdc8-8610c1b3ee74: Системе не удается найти указанный путь. (0x3)
[0110/005213.565:ERROR:filesystem_win.cc(129)] GetFileAttributes C:\Users\ilsha\AppData\Local\Google\Chrome\User Data\Crashpad\attachments\e79e8bfb-baf0-4866-b166-c715dbbf9b4b: Системе не удается найти указанный путь. (0x3)
[0110/005213.572:ERROR:filesystem_win.cc(129)] GetFileAttributes C:\Users\ilsha\AppData\Local\Google\Chrome\User Data\Crashpad\attachments\92909bef-c338-4d80-b5e7-d824e3e34e84: Системе не удается найти указанный путь. (0x3)
[0110/005213.580:ERROR:filesystem_win.cc(129)] GetFileAttributes C:\Users\ilsha\AppData\Local\Google\Chrome\User Data\Crashpad\attachments\bc6ca457-6dd5-473e-b4a1-01198134d390: Системе не удается найти указанный путь. (0x3)
[0110/005213.587:ERROR:filesystem_win.cc(129)] GetFileAttributes C:\Users\ilsha\AppData\Local\Google\Chrome\User Data\Crashpad\attachments\1b9eea80-f80e-4239-9901-054837dafbd8: Системе не удается найти указанный путь. (0x3)
[0110/005213.595:ERROR:filesystem_win.cc(129)] GetFileAttributes C:\Users\ilsha\AppData\Local\Google\Chrome\User Data\Crashpad\attachments\eff8e9da-1660-4765-af60-ef7e15d2d515: Системе не удается найти указанный путь. (0x3)
[0110/005213.603:ERROR:filesystem_win.cc(129)] GetFileAttributes C:\Users\ilsha\AppData\Local\Google\Chrome\User Data\Crashpad\attachments\c6aa40fa-3596-4e69-9504-1bd217b9920c: Системе не удается найти указанный путь. (0x3)
[0110/005213.610:ERROR:filesystem_win.cc(129)] GetFileAttributes C:\Users\ilsha\AppData\Local\Google\Chrome\User Data\Crashpad\attachments\2cf7c88a-bb7c-40c2-8252-b80560622604: Системе не удается найти указанный путь. (0x3)
[0110/005213.618:ERROR:filesystem_win.cc(129)] GetFileAttributes C:\Users\ilsha\AppData\Local\Google\Chrome\User Data\Crashpad\attachments\d5801584-54cd-4524-8582-fa24b2f0004a: Системе не удается найти указанный путь. (0x3)
[0110/005213.625:ERROR:filesystem_win.cc(129)] GetFileAttributes C:\Users\ilsha\AppData\Local\Google\Chrome\User Data\Crashpad\attachments\40299cf1-6741-4ce7-85e0-9f9c5146401a: Системе не удается найти указанный путь. (0x3)
[0110/005213.632:ERROR:filesystem_win.cc(129)] GetFileAttributes C:\Users\ilsha\AppData\Local\Google\Chrome\User Data\Crashpad\attachments\c954fccd-84c7-40e0-9f6e-5936fe6fb2a9: Системе не удается найти указанный путь. (0x3)
[0110/005213.639:ERROR:filesystem_win.cc(129)] GetFileAttributes C:\Users\ilsha\AppData\Local\Google\Chrome\User Data\Crashpad\attachments\8e02e6de-c443-4bbc-ba5a-3ae646fea447: Системе не удается найти указанный путь. (0x3)
[0110/005213.647:ERROR:filesystem_win.cc(129)] GetFileAttributes C:\Users\ilsha\AppData\Local\Google\Chrome\User Data\Crashpad\attachments\8860ce49-3711-44f8-a265-0c238b73bd20: Системе не удается найти указанный путь. (0x3)
[0110/005213.654:ERROR:filesystem_win.cc(129)] GetFileAttributes C:\Users\ilsha\AppData\Local\Google\Chrome\User Data\Crashpad\attachments\f5e4e983-cdf6-41a8-900f-395c4bcade18: Системе не удается найти указанный путь. (0x3)
[0110/005213.661:ERROR:filesystem_win.cc(129)] GetFileAttributes C:\Users\ilsha\AppData\Local\Google\Chrome\User Data\Crashpad\attachments\81ca5e2d-301b-43a5-9a89-e662c328c867: Системе не удается найти указанный путь. (0x3)
[0110/005213.668:ERROR:filesystem_win.cc(129)] GetFileAttributes C:\Users\ilsha\AppData\Local\Google\Chrome\User Data\Crashpad\attachments\93f27bfa-aff5-4034-8013-903aab6f81ec: Системе не удается найти указанный путь. (0x3)
[0110/005213.675:ERROR:filesystem_win.cc(129)] GetFileAttributes C:\Users\ilsha\AppData\Local\Google\Chrome\User Data\Crashpad\attachments\69ce209b-fb9b-4ef4-afe5-b63f9dbb9833: Системе не удается найти указанный путь. (0x3)
[0110/005213.682:ERROR:filesystem_win.cc(129)] GetFileAttributes C:\Users\ilsha\AppData\Local\Google\Chrome\User Data\Crashpad\attachments\ef2733bd-84eb-412d-afb5-9463f0381f8c: Системе не удается найти указанный путь. (0x3)
[0110/005213.689:ERROR:filesystem_win.cc(129)] GetFileAttributes C:\Users\ilsha\AppData\Local\Google\Chrome\User Data\Crashpad\attachments\d3f7c588-1d2c-489b-bab7-fb76185c6589: Системе не удается найти указанный путь. (0x3)
[0110/005213.696:ERROR:filesystem_win.cc(129)] GetFileAttributes C:\Users\ilsha\AppData\Local\Google\Chrome\User Data\Crashpad\attachments\671f3f14-7503-44a6-82aa-cec40f9b0aa3: Системе не удается найти указанный путь. (0x3)
[0110/005213.703:ERROR:filesystem_win.cc(129)] GetFileAttributes C:\Users\ilsha\AppData\Local\Google\Chrome\User Data\Crashpad\attachments\da975a48-15b6-4117-b8bc-abd70e73c437: Системе не удается найти указанный путь. (0x3)
[0110/005213.709:ERROR:filesystem_win.cc(129)] GetFileAttributes C:\Users\ilsha\AppData\Local\Google\Chrome\User Data\Crashpad\attachments\c25ef45e-0a3c-48b7-8cfc-40bd35373a59: Системе не удается найти указанный путь. (0x3)
[0110/005213.716:ERROR:filesystem_win.cc(129)] GetFileAttributes C:\Users\ilsha\AppData\Local\Google\Chrome\User Data\Crashpad\attachments\b154ce0b-5c8c-4148-a4b0-444f917ca7ec: Системе не удается найти указанный путь. (0x3)
[0110/005213.723:ERROR:filesystem_win.cc(129)] GetFileAttributes C:\Users\ilsha\AppData\Local\Google\Chrome\User Data\Crashpad\attachments\b2aee317-9221-4177-b3da-9043c800ecf4: Системе не удается найти указанный путь. (0x3)
[0110/005213.729:ERROR:filesystem_win.cc(129)] GetFileAttributes C:\Users\ilsha\AppData\Local\Google\Chrome\User Data\Crashpad\attachments\4dccd1cd-6041-40a7-950f-2e0148613eb1: Системе не удается найти указанный путь. (0x3)
[0110/005213.736:ERROR:filesystem_win.cc(129)] GetFileAttributes C:\Users\ilsha\AppData\Local\Google\Chrome\User Data\Crashpad\attachments\17563081-f7f0-4a06-9f25-1c75e7f42f1f: Системе не удается найти указанный путь. (0x3)
[0110/005213.742:ERROR:filesystem_win.cc(129)] GetFileAttributes C:\Users\ilsha\AppData\Local\Google\Chrome\User Data\Crashpad\attachments\264745bd-3aec-4552-8a5a-eb79a692cc88: Системе не удается найти указанный путь. (0x3)
[0110/005213.749:ERROR:filesystem_win.cc(129)] GetFileAttributes C:\Users\ilsha\AppData\Local\Google\Chrome\User Data\Crashpad\attachments\4ce67b84-c050-4798-85b3-b6dd4f6553a6: Системе не удается найти указанный путь. (0x3)
[0110/005213.755:ERROR:filesystem_win.cc(129)] GetFileAttributes C:\Users\ilsha\AppData\Local\Google\Chrome\User Data\Crashpad\attachments\44f5a174-0368-464d-b9c3-18db3dfc4463: Системе не удается найти указанный путь. (0x3)
[0110/005213.762:ERROR:filesystem_win.cc(129)] GetFileAttributes C:\Users\ilsha\AppData\Local\Google\Chrome\User Data\Crashpad\attachments\c4cdd508-707a-4357-9f64-94ed9ecaf858: Системе не удается найти указанный путь. (0x3)
[0110/005213.768:ERROR:filesystem_win.cc(129)] GetFileAttributes C:\Users\ilsha\AppData\Local\Google\Chrome\User Data\Crashpad\attachments\44a04a88-4f1a-43a5-9974-fdb01a75c2d9: Системе не удается найти указанный путь. (0x3)
[0110/005213.775:ERROR:filesystem_win.cc(129)] GetFileAttributes C:\Users\ilsha\AppData\Local\Google\Chrome\User Data\Crashpad\attachments\cbad5ae7-7e8b-4017-9f96-5a9db62d1caa: Системе не удается найти указанный путь. (0x3)
[0110/005213.781:ERROR:filesystem_win.cc(129)] GetFileAttributes C:\Users\ilsha\AppData\Local\Google\Chrome\User Data\Crashpad\attachments\5f45d9ff-66a6-4efe-b316-49426c7ff381: Системе не удается найти указанный путь. (0x3)
[0110/005213.787:ERROR:filesystem_win.cc(129)] GetFileAttributes C:\Users\ilsha\AppData\Local\Google\Chrome\User Data\Crashpad\attachments\1db3e0bf-6a5a-4187-8d0f-c2464bdfa531: Системе не удается найти указанный путь. (0x3)
[0110/005213.794:ERROR:filesystem_win.cc(129)] GetFileAttributes C:\Users\ilsha\AppData\Local\Google\Chrome\User Data\Crashpad\attachments\95b644a8-248a-40ce-b002-fe5a062546aa: Системе не удается найти указанный путь. (0x3)
[0110/005213.800:ERROR:filesystem_win.cc(129)] GetFileAttributes C:\Users\ilsha\AppData\Local\Google\Chrome\User Data\Crashpad\attachments\e251c6f3-ab66-4d74-b002-51e6fd9fe0a5: Системе не удается найти указанный путь. (0x3)
[0110/005213.806:ERROR:filesystem_win.cc(129)] GetFileAttributes C:\Users\ilsha\AppData\Local\Google\Chrome\User Data\Crashpad\attachments\b7798cf2-7301-4eba-b015-6dcd75236fc9: Системе не удается найти указанный путь. (0x3)
[0110/005213.812:ERROR:filesystem_win.cc(129)] GetFileAttributes C:\Users\ilsha\AppData\Local\Google\Chrome\User Data\Crashpad\attachments\55155a6e-4513-4a84-b288-7c0ff270d275: Системе не удается найти указанный путь. (0x3)
[0110/005213.818:ERROR:filesystem_win.cc(129)] GetFileAttributes C:\Users\ilsha\AppData\Local\Google\Chrome\User Data\Crashpad\attachments\25e4a51f-657c-4a82-9b69-60908d4cc775: Системе не удается найти указанный путь. (0x3)
[0110/005213.824:ERROR:filesystem_win.cc(129)] GetFileAttributes C:\Users\ilsha\AppData\Local\Google\Chrome\User Data\Crashpad\attachments\bc0c75ee-0881-4e60-a401-3fcdbe1aa6ed: Системе не удается найти указанный путь. (0x3)
[0110/005213.830:ERROR:filesystem_win.cc(129)] GetFileAttributes C:\Users\ilsha\AppData\Local\Google\Chrome\User Data\Crashpad\attachments\acc7867d-4d08-4190-b1d4-1eab9236e6e9: Системе не удается найти указанный путь. (0x3)
[0110/005213.836:ERROR:filesystem_win.cc(129)] GetFileAttributes C:\Users\ilsha\AppData\Local\Google\Chrome\User Data\Crashpad\attachments\84d8c0ad-7808-47f6-8cb1-6b0604c3b537: Системе не удается найти указанный путь. (0x3)
[0110/005213.841:ERROR:filesystem_win.cc(129)] GetFileAttributes C:\Users\ilsha\AppData\Local\Google\Chrome\User Data\Crashpad\attachments\eb0e6e6e-0c97-42a3-a31d-f8eb313a6105: Системе не удается найти указанный путь. (0x3)
[0110/005213.847:ERROR:filesystem_win.cc(129)] GetFileAttributes C:\Users\ilsha\AppData\Local\Google\Chrome\User Data\Crashpad\attachments\2de7cb7e-7e19-4734-b151-45d8be436ef9: Системе не удается найти указанный путь. (0x3)
[0110/005213.853:ERROR:filesystem_win.cc(129)] GetFileAttributes C:\Users\ilsha\AppData\Local\Google\Chrome\User Data\Crashpad\attachments\8dccef70-bdf4-4382-a34d-4be8eb3fdf2a: Системе не удается найти указанный путь. (0x3)
[0110/005213.859:ERROR:filesystem_win.cc(129)] GetFileAttributes C:\Users\ilsha\AppData\Local\Google\Chrome\User Data\Crashpad\attachments\d011cb10-86b1-4be0-bf0b-6499285d59e5: Системе не удается найти указанный путь. (0x3)
[0110/005213.865:ERROR:filesystem_win.cc(129)] GetFileAttributes C:\Users\ilsha\AppData\Local\Google\Chrome\User Data\Crashpad\attachments\2314668d-775c-4ba8-b031-e3590625c3d8: Системе не удается найти указанный путь. (0x3)
[0110/005213.870:ERROR:filesystem_win.cc(129)] GetFileAttributes C:\Users\ilsha\AppData\Local\Google\Chrome\User Data\Crashpad\attachments\63cb41de-73a4-46bd-a4f8-fd4567def876: Системе не удается найти указанный путь. (0x3)
[0110/005213.876:ERROR:filesystem_win.cc(129)] GetFileAttributes C:\Users\ilsha\AppData\Local\Google\Chrome\User Data\Crashpad\attachments\2ff1a090-1472-4acc-989b-a2b845b89d47: Системе не удается найти указанный путь. (0x3)
[0111/122339.821:ERROR:directory_reader_win.cc(43)] FindFirstFile: Системе не удается найти указанный путь. (0x3)
[0111/232504.970:ERROR:process_reader_win.cc(123)] NtOpenThread: {Отказано в доступе} Процесс запросил доступ к объекту, но права на доступ не предоставлены. (0xc0000022)
[0111/232505.346:ERROR:process_reader_win.cc(123)] NtOpenThread: {Отказано в доступе} Процесс запросил доступ к объекту, но права на доступ не предоставлены. (0xc0000022)
[0111/232505.375:ERROR:process_reader_win.cc(123)] NtOpenThread: {Отказано в доступе} Процесс запросил доступ к объекту, но права на доступ не предоставлены. (0xc0000022)
[0111/232505.423:ERROR:exception_snapshot_win.cc(99)] thread ID 9492 not found in process
[0111/232505.459:ERROR:exception_snapshot_win.cc(99)] thread ID 6676 not found in process
[0111/232505.459:ERROR:exception_snapshot_win.cc(99)] thread ID 3672 not found in process
[0111/232505.495:ERROR:process_reader_win.cc(123)] NtOpenThread: {Отказано в доступе} Процесс запросил доступ к объекту, но права на доступ не предоставлены. (0xc0000022)
[0111/232505.495:ERROR:exception_snapshot_win.cc(99)] thread ID 8124 not found in process
[0111/232505.535:ERROR:process_reader_win.cc(123)] NtOpenThread: {Отказано в доступе} Процесс запросил доступ к объекту, но права на доступ не предоставлены. (0xc0000022)
[0111/232505.535:ERROR:exception_snapshot_win.cc(99)] thread ID 10624 not found in process
[0112/094016.336:ERROR:directory_reader_win.cc(43)] FindFirstFile: Системе не удается найти указанный путь. (0x3)
